Using pre-set license
Built from '6000.0/staging' branch; Version is '6000.0.30f1 (62b05ba0686a) revision 6467675'; Using compiler version '193933523'; Build Type 'Release'
OS: 'Windows 11  (10.0.22631) 64bit Professional' Language: 'ja' Physical Memory: 65445 MB
BatchMode: 1, IsHumanControllingUs: 0, StartBugReporterOnCrash: 0, Is64bit: 1, IsPro: 1

COMMAND LINE ARGUMENTS:
D:\application\Unity\Unity Editer\6000.0.30f1\Editor\Unity.exe
-adb2
-batchMode
-noUpm
-name
AssetImportWorker6
-projectPath
D:/Unity Projects/OVER_BITS
-logFile
Logs/AssetImportWorker6.log
-srvPort
57961
-job-worker-count
15
-background-job-worker-count
8
-asset-garbage-collectors
1
Successfully changed project path to: D:/Unity Projects/OVER_BITS
D:/Unity Projects/OVER_BITS
[UnityMemory] Configuration Parameters - Can be set up in boot.config
    "memorysetup-bucket-allocator-granularity=16"
    "memorysetup-bucket-allocator-bucket-count=8"
    "memorysetup-bucket-allocator-block-size=33554432"
    "memorysetup-bucket-allocator-block-count=8"
    "memorysetup-main-allocator-block-size=16777216"
    "memorysetup-thread-allocator-block-size=16777216"
    "memorysetup-gfx-main-allocator-block-size=16777216"
    "memorysetup-gfx-thread-allocator-block-size=16777216"
    "memorysetup-cache-allocator-block-size=4194304"
    "memorysetup-typetree-allocator-block-size=2097152"
    "memorysetup-profiler-bucket-allocator-granularity=16"
    "memorysetup-profiler-bucket-allocator-bucket-count=8"
    "memorysetup-profiler-bucket-allocator-block-size=33554432"
    "memorysetup-profiler-bucket-allocator-block-count=8"
    "memorysetup-profiler-allocator-block-size=16777216"
    "memorysetup-profiler-editor-allocator-block-size=1048576"
    "memorysetup-temp-allocator-size-main=16777216"
    "memorysetup-job-temp-allocator-block-size=2097152"
    "memorysetup-job-temp-allocator-block-size-background=1048576"
    "memorysetup-job-temp-allocator-reduction-small-platforms=262144"
    "memorysetup-allocator-temp-initial-block-size-main=262144"
    "memorysetup-allocator-temp-initial-block-size-worker=262144"
    "memorysetup-temp-allocator-size-background-worker=32768"
    "memorysetup-temp-allocator-size-job-worker=262144"
    "memorysetup-temp-allocator-size-preload-manager=33554432"
    "memorysetup-temp-allocator-size-nav-mesh-worker=65536"
    "memorysetup-temp-allocator-size-audio-worker=65536"
    "memorysetup-temp-allocator-size-cloud-worker=32768"
    "memorysetup-temp-allocator-size-gi-baking-worker=262144"
    "memorysetup-temp-allocator-size-gi-baking-worker=262144"
    "memorysetup-temp-allocator-size-gi-baking-worker=262144"
    "memorysetup-temp-allocator-size-gi-baking-worker=262144"
    "memorysetup-temp-allocator-size-gi-baking-worker=262144"
    "memorysetup-temp-allocator-size-gfx=262144"
Player connection [43724]  Target information:

Player connection [43724]  * "[IP] 192.168.0.17 [Port] 0 [Flags] 2 [Guid] 1149305124 [EditorId] 1149305124 [Version] 1048832 [Id] WindowsEditor(7,Server) [Debug] 1 [PackageName] WindowsEditor [ProjectName] Editor" 

Player connection [43724] Host joined multi-casting on [225.0.0.222:54997]...
Player connection [43724] Host joined alternative multi-casting on [225.0.0.222:34997]...
JobSystem: Creating JobQueue using job-worker-count value 15
[Physics::Module] Initialized fallback backend.
[Physics::Module] Id: 0xdecafbad
Library Redirect Path: Library/
[Physics::Module] Selected backend.
[Physics::Module] Name: PhysX
[Physics::Module] Id: 0xf2b8ea05
[Physics::Module] SDK Version: 4.1.2
[Physics::Module] Integration Version: 1.0.0
[Physics::Module] Threading Mode: Multi-Threaded
Refreshing native plugins compatible for Editor in 15.40 ms, found 10 plugins.
Preloading 1 native plugins for Editor in 2.64 ms.
Initialize engine version: 6000.0.30f1 (62b05ba0686a)
[Subsystems] Discovering subsystems at path D:/application/Unity/Unity Editer/6000.0.30f1/Editor/Data/Resources/UnitySubsystems
[Subsystems] Discovering subsystems at path D:/Unity Projects/OVER_BITS/Assets
GfxDevice: creating device client; kGfxThreadingModeNonThreaded
Direct3D:
    Version:  Direct3D 11.0 [level 11.1]
    Renderer: NVIDIA GeForce RTX 3090 (ID=0x2204)
    Vendor:   NVIDIA
    VRAM:     24326 MB
    Driver:   32.0.15.6603
Initialize mono
Mono path[0] = 'D:/application/Unity/Unity Editer/6000.0.30f1/Editor/Data/Managed'
Mono path[1] = 'D:/application/Unity/Unity Editer/6000.0.30f1/Editor/Data/MonoBleedingEdge/lib/mono/unityjit-win32'
Mono config path = 'D:/application/Unity/Unity Editer/6000.0.30f1/Editor/Data/MonoBleedingEdge/etc'
Using monoOptions --debugger-agent=transport=dt_socket,embedding=1,server=y,suspend=n,address=127.0.0.1:56740
Begin MonoManager ReloadAssembly
Registering precompiled unity dll's ...
Register platform support module: D:/application/Unity/Unity Editer/6000.0.30f1/Editor/Data/PlaybackEngines/WindowsStandaloneSupport/UnityEditor.WindowsStandalone.Extensions.dll
Register platform support module: D:/application/Unity/Unity Editer/6000.0.30f1/Editor/Data/PlaybackEngines/LinuxStandaloneSupport/UnityEditor.LinuxStandalone.Extensions.dll
Registered in 0.005464 seconds.
- Loaded All Assemblies, in  0.831 seconds
Native extension for LinuxStandalone target not found
Native extension for WindowsStandalone target not found
Mono: successfully reloaded assembly
- Finished resetting the current domain, in  0.636 seconds
Domain Reload Profiling: 1467ms
	BeginReloadAssembly (375ms)
		ExecutionOrderSort (0ms)
		DisableScriptedObjects (0ms)
		BackupInstance (0ms)
		ReleaseScriptingObjects (0ms)
		CreateAndSetChildDomain (1ms)
	RebuildCommonClasses (82ms)
	RebuildNativeTypeToScriptingClass (21ms)
	initialDomainReloadingComplete (85ms)
	LoadAllAssembliesAndSetupDomain (268ms)
		LoadAssemblies (376ms)
		RebuildTransferFunctionScriptingTraits (0ms)
		AnalyzeDomain (261ms)
			TypeCache.Refresh (259ms)
				TypeCache.ScanAssembly (230ms)
			BuildScriptInfoCaches (0ms)
			ResolveRequiredComponents (1ms)
	FinalizeReload (637ms)
		ReleaseScriptCaches (0ms)
		RebuildScriptCaches (0ms)
		SetupLoadedEditorAssemblies (531ms)
			LogAssemblyErrors (0ms)
			InitializePlatformSupportModulesInManaged (117ms)
			SetLoadedEditorAssemblies (7ms)
			BeforeProcessingInitializeOnLoad (89ms)
			ProcessInitializeOnLoadAttributes (225ms)
			ProcessInitializeOnLoadMethodAttributes (92ms)
			AfterProcessingInitializeOnLoad (0ms)
			EditorAssembliesLoaded (0ms)
		ExecutionOrderSort2 (0ms)
		AwakeInstancesAfterBackupRestoration (0ms)
Assembly reference Packages/com.unity.entities/Unity.Scenes.Editor/Internals/Properties/Unity.Properties.Internals.asmref has no target assembly definition
========================================================================
Worker process is ready to serve import requests
Import Worker Mode flag is 0x00
Assembly reference Packages/com.unity.entities/Unity.Scenes.Editor/Internals/Properties/Unity.Properties.Internals.asmref has no target assembly definition
Assembly reference Packages/com.unity.entities/Unity.Scenes.Editor/Internals/Properties/Unity.Properties.Internals.asmref has no target assembly definition
Begin MonoManager ReloadAssembly
Symbol file LoadedFromMemory is not a mono symbol file
- Loaded All Assemblies, in  2.117 seconds
Assembly reference Packages/com.unity.entities/Unity.Scenes.Editor/Internals/Properties/Unity.Properties.Internals.asmref has no target assembly definition
'Packages/com.unity.render-pipelines.high-definition/Editor/Wizard/HDWizard.UIElement.cs' contains partial class of Unity.Object, exactly 1 of the partial classes needs to be in a file with the same filename. This is to know the one that can be referenced from ie. GameObjects
'Packages/com.unity.render-pipelines.high-definition/Editor/Wizard/HDWizard.Configuration.cs' contains partial class of Unity.Object, exactly 1 of the partial classes needs to be in a file with the same filename. This is to know the one that can be referenced from ie. GameObjects
'Packages/com.unity.render-pipelines.high-definition/Editor/Wizard/HDWizard.Window.cs' contains partial class of Unity.Object, exactly 1 of the partial classes needs to be in a file with the same filename. This is to know the one that can be referenced from ie. GameObjects
Refreshing native plugins compatible for Editor in 10.12 ms, found 10 plugins.
Native extension for LinuxStandalone target not found
Native extension for WindowsStandalone target not found
Assembly reference Packages/com.unity.entities/Unity.Scenes.Editor/Internals/Properties/Unity.Properties.Internals.asmref has no target assembly definition
[MODES] ModeService[none].Initialize
[MODES] ModeService[none].LoadModes
[MODES] Loading mode Default (0) for mode-current-id-OVER_BITS
Refreshing native plugins compatible for Editor in 8.01 ms, found 10 plugins.
TypeManager.Initialize took: 852ms
Mono: successfully reloaded assembly
- Finished resetting the current domain, in  2.889 seconds
Domain Reload Profiling: 5003ms
	BeginReloadAssembly (221ms)
		ExecutionOrderSort (0ms)
		DisableScriptedObjects (8ms)
		BackupInstance (0ms)
		ReleaseScriptingObjects (0ms)
		CreateAndSetChildDomain (39ms)
	RebuildCommonClasses (45ms)
	RebuildNativeTypeToScriptingClass (14ms)
	initialDomainReloadingComplete (53ms)
	LoadAllAssembliesAndSetupDomain (1780ms)
		LoadAssemblies (1010ms)
		RebuildTransferFunctionScriptingTraits (0ms)
		AnalyzeDomain (912ms)
			TypeCache.Refresh (709ms)
				TypeCache.ScanAssembly (671ms)
			BuildScriptInfoCaches (173ms)
			ResolveRequiredComponents (25ms)
	FinalizeReload (2890ms)
		ReleaseScriptCaches (0ms)
		RebuildScriptCaches (0ms)
		SetupLoadedEditorAssemblies (2594ms)
			LogAssemblyErrors (0ms)
			InitializePlatformSupportModulesInManaged (18ms)
			SetLoadedEditorAssemblies (11ms)
			BeforeProcessingInitializeOnLoad (397ms)
			ProcessInitializeOnLoadAttributes (1833ms)
			ProcessInitializeOnLoadMethodAttributes (332ms)
			AfterProcessingInitializeOnLoad (2ms)
			EditorAssembliesLoaded (1ms)
		ExecutionOrderSort2 (0ms)
		AwakeInstancesAfterBackupRestoration (9ms)
Launched and connected shader compiler UnityShaderCompiler.exe after 0.02 seconds
Refreshing native plugins compatible for Editor in 12.69 ms, found 10 plugins.
Preloading 1 native plugins for Editor in 0.06 ms.
Unloading 610 Unused Serialized files (Serialized files now loaded: 0)
Unloading 12315 unused Assets / (49.9 MB). Loaded Objects now: 12956.
Memory consumption went from 390.7 MB to 340.8 MB.
Total: 83.048300 ms (FindLiveObjects: 3.443700 ms CreateObjectMapping: 27.150900 ms MarkObjects: 21.487000 ms  DeleteObjects: 30.961900 ms)

========================================================================
Received Import Request.
  Time since last request: 10506.357145 seconds.
  path: Assets/Samples/Vivox/16.5.4/Chat Channel Sample/Assets/ChatChannelSample/Textures/UI/Menu/medalInactive.png
  artifactKey: Guid(f4dc55d335a0a486c88ac6bea28bbdc9) Importer(815301076,1909f56bfc062723c751e8b465ee728b)
Start importing Assets/Samples/Vivox/16.5.4/Chat Channel Sample/Assets/ChatChannelSample/Textures/UI/Menu/medalInactive.png using Guid(f4dc55d335a0a486c88ac6bea28bbdc9) Importer(815301076,1909f56bfc062723c751e8b465ee728b) (PreviewImporter) -> (artifact id: 'de8f60103ff2e8ea51e31eae76da7714') in 0.1833443 seconds
Number of updated asset objects reloaded before import = 0Number of asset objects unloaded after import = 3

========================================================================
Received Import Request.
  Time since last request: 0.000049 seconds.
  path: Assets/Samples/Vivox/16.5.4/Chat Channel Sample/Assets/ChatChannelSample/Sprites/mic.png
  artifactKey: Guid(b1eb8f8274f39c940adf9feabc1c8771) Importer(815301076,1909f56bfc062723c751e8b465ee728b)
Start importing Assets/Samples/Vivox/16.5.4/Chat Channel Sample/Assets/ChatChannelSample/Sprites/mic.png using Guid(b1eb8f8274f39c940adf9feabc1c8771) Importer(815301076,1909f56bfc062723c751e8b465ee728b) (PreviewImporter) -> (artifact id: 'c56685f348329c347859c10b1698a348') in 0.0340564 seconds
Number of updated asset objects reloaded before import = 0Number of asset objects unloaded after import = 3

========================================================================
Received Import Request.
  Time since last request: 0.000023 seconds.
  path: Assets/Samples/Vivox/16.5.4/Chat Channel Sample/Assets/ChatChannelSample/Textures/UI/Menu/lockedClean.png
  artifactKey: Guid(2e59260c5ec144304bf9ff5cbde81256) Importer(815301076,1909f56bfc062723c751e8b465ee728b)
Start importing Assets/Samples/Vivox/16.5.4/Chat Channel Sample/Assets/ChatChannelSample/Textures/UI/Menu/lockedClean.png using Guid(2e59260c5ec144304bf9ff5cbde81256) Importer(815301076,1909f56bfc062723c751e8b465ee728b) (PreviewImporter) -> (artifact id: '3b003535b6f587bb7e33e290741b9654') in 0.0386147 seconds
Number of updated asset objects reloaded before import = 0Number of asset objects unloaded after import = 3

========================================================================
Received Import Request.
  Time since last request: 0.000037 seconds.
  path: Assets/_Images/icons/leather-armor.png
  artifactKey: Guid(987b869c6fa4fb84eabeafd9c2b1b5cb) Importer(815301076,1909f56bfc062723c751e8b465ee728b)
Start importing Assets/_Images/icons/leather-armor.png using Guid(987b869c6fa4fb84eabeafd9c2b1b5cb) Importer(815301076,1909f56bfc062723c751e8b465ee728b) (PreviewImporter) -> (artifact id: '21438a0ebb1392499f58cb9d23f83643') in 0.0425841 seconds
Number of updated asset objects reloaded before import = 0Number of asset objects unloaded after import = 3

========================================================================
Received Import Request.
  Time since last request: 0.000032 seconds.
  path: Assets/_Images/icons/speaker.png
  artifactKey: Guid(bb2f5288bdca6674396f9007a341eda8) Importer(815301076,1909f56bfc062723c751e8b465ee728b)
Start importing Assets/_Images/icons/speaker.png using Guid(bb2f5288bdca6674396f9007a341eda8) Importer(815301076,1909f56bfc062723c751e8b465ee728b) (PreviewImporter) -> (artifact id: 'c39f8d1e50a80cb40a7d9bc4a34899a8') in 0.0352585 seconds
Number of updated asset objects reloaded before import = 0Number of asset objects unloaded after import = 3

========================================================================
Received Import Request.
  Time since last request: 0.000047 seconds.
  path: Assets/Samples/Vivox/16.5.4/Chat Channel Sample/Assets/ChatChannelSample/Textures/UI/DecorationButtons/PropCapIcon.png
  artifactKey: Guid(fc02a8d3a3eee4ad2ae20f9ca2c10c43) Importer(815301076,1909f56bfc062723c751e8b465ee728b)
Start importing Assets/Samples/Vivox/16.5.4/Chat Channel Sample/Assets/ChatChannelSample/Textures/UI/DecorationButtons/PropCapIcon.png using Guid(fc02a8d3a3eee4ad2ae20f9ca2c10c43) Importer(815301076,1909f56bfc062723c751e8b465ee728b) (PreviewImporter) -> (artifact id: 'e8412212fcb0ef2d11f692ce41a3bebe') in 0.0370804 seconds
Number of updated asset objects reloaded before import = 0Number of asset objects unloaded after import = 3

========================================================================
Received Import Request.
  Time since last request: 0.000028 seconds.
  path: Assets/Samples/Vivox/16.5.4/Chat Channel Sample/Assets/ChatChannelSample/Textures/UI/Menu/iconTopsecret.png
  artifactKey: Guid(471cbcc8e1a6040528774f8500c5027f) Importer(815301076,1909f56bfc062723c751e8b465ee728b)
Start importing Assets/Samples/Vivox/16.5.4/Chat Channel Sample/Assets/ChatChannelSample/Textures/UI/Menu/iconTopsecret.png using Guid(471cbcc8e1a6040528774f8500c5027f) Importer(815301076,1909f56bfc062723c751e8b465ee728b) (PreviewImporter) -> (artifact id: 'be7067d18c871fa7c9c999ccdd797a61') in 0.0474874 seconds
Number of updated asset objects reloaded before import = 0Number of asset objects unloaded after import = 3

========================================================================
Received Import Request.
  Time since last request: 0.000054 seconds.
  path: Assets/_Images/_BackImages/PanelImageC.png
  artifactKey: Guid(84c7c6db2a28cf64cb142ad9d1d14e8f) Importer(815301076,1909f56bfc062723c751e8b465ee728b)
Start importing Assets/_Images/_BackImages/PanelImageC.png using Guid(84c7c6db2a28cf64cb142ad9d1d14e8f) Importer(815301076,1909f56bfc062723c751e8b465ee728b) (PreviewImporter) -> (artifact id: 'cdee6ff192f37350bb1704b1792f84c4') in 0.0382926 seconds
Number of updated asset objects reloaded before import = 0Number of asset objects unloaded after import = 3

========================================================================
Received Import Request.
  Time since last request: 0.000042 seconds.
  path: Assets/_Images/icons/speaker-off.png
  artifactKey: Guid(3a7567dc1eb0ae742ab46d86a45cda20) Importer(815301076,1909f56bfc062723c751e8b465ee728b)
Start importing Assets/_Images/icons/speaker-off.png using Guid(3a7567dc1eb0ae742ab46d86a45cda20) Importer(815301076,1909f56bfc062723c751e8b465ee728b) (PreviewImporter) -> (artifact id: 'ec789a37e080df56c1a4d3dbe46f5d13') in 0.0293377 seconds
Number of updated asset objects reloaded before import = 0Number of asset objects unloaded after import = 3

========================================================================
Received Import Request.
  Time since last request: 0.000032 seconds.
  path: Assets/_Images/icons/video-conference.png
  artifactKey: Guid(8ad7e07277d0c9846ad5d8cfd0645fb5) Importer(815301076,1909f56bfc062723c751e8b465ee728b)
Start importing Assets/_Images/icons/video-conference.png using Guid(8ad7e07277d0c9846ad5d8cfd0645fb5) Importer(815301076,1909f56bfc062723c751e8b465ee728b) (PreviewImporter) -> (artifact id: 'd2218b88fa4f4d3b81de60abd4bc5be9') in 0.0344049 seconds
Number of updated asset objects reloaded before import = 0Number of asset objects unloaded after import = 3

========================================================================
Received Import Request.
  Time since last request: 0.000031 seconds.
  path: Assets/Samples/Vivox/16.5.4/Chat Channel Sample/Assets/ChatChannelSample/Textures/UI/Menu/unity-logo.png
  artifactKey: Guid(8117e2f2449f44fe7ab7d57b48faaa99) Importer(815301076,1909f56bfc062723c751e8b465ee728b)
Start importing Assets/Samples/Vivox/16.5.4/Chat Channel Sample/Assets/ChatChannelSample/Textures/UI/Menu/unity-logo.png using Guid(8117e2f2449f44fe7ab7d57b48faaa99) Importer(815301076,1909f56bfc062723c751e8b465ee728b) (PreviewImporter) -> (artifact id: '9782027eb418c7ad979cc5b03cc8d6e4') in 0.0323948 seconds
Number of updated asset objects reloaded before import = 0Number of asset objects unloaded after import = 3

========================================================================
Received Import Request.
  Time since last request: 0.000048 seconds.
  path: Assets/_Images/icons/trousers.png
  artifactKey: Guid(ecd5c4d98ea128e429ab93e0556c72aa) Importer(815301076,1909f56bfc062723c751e8b465ee728b)
Start importing Assets/_Images/icons/trousers.png using Guid(ecd5c4d98ea128e429ab93e0556c72aa) Importer(815301076,1909f56bfc062723c751e8b465ee728b) (PreviewImporter) -> (artifact id: '7fc702673b1a80406d33f74e7a01fb5f') in 0.0340241 seconds
Number of updated asset objects reloaded before import = 0Number of asset objects unloaded after import = 3

========================================================================
Received Import Request.
  Time since last request: 0.000031 seconds.
  path: Assets/_Images/_BackImages/PanelImageI.png
  artifactKey: Guid(45e166a377165dd49bb451cabec8f6d2) Importer(815301076,1909f56bfc062723c751e8b465ee728b)
Start importing Assets/_Images/_BackImages/PanelImageI.png using Guid(45e166a377165dd49bb451cabec8f6d2) Importer(815301076,1909f56bfc062723c751e8b465ee728b) (PreviewImporter) -> (artifact id: 'e93c36df23a220817c260333e46c5fed') in 0.0404517 seconds
Number of updated asset objects reloaded before import = 0Number of asset objects unloaded after import = 3

========================================================================
Received Import Request.
  Time since last request: 0.000030 seconds.
  path: Assets/Samples/Vivox/16.5.4/Chat Channel Sample/Assets/ChatChannelSample/Sprites/SpeakerIconVector.png
  artifactKey: Guid(587c0ffb6d8294baaafb5491e9b639e0) Importer(815301076,1909f56bfc062723c751e8b465ee728b)
Start importing Assets/Samples/Vivox/16.5.4/Chat Channel Sample/Assets/ChatChannelSample/Sprites/SpeakerIconVector.png using Guid(587c0ffb6d8294baaafb5491e9b639e0) Importer(815301076,1909f56bfc062723c751e8b465ee728b) (PreviewImporter) -> (artifact id: 'd000d14b0df7ac674755ebfad7c05c5a') in 0.0476742 seconds
Number of updated asset objects reloaded before import = 0Number of asset objects unloaded after import = 3

========================================================================
Received Import Request.
  Time since last request: 0.000025 seconds.
  path: Assets/Samples/Vivox/16.5.4/Chat Channel Sample/Assets/ChatChannelSample/Sprites/SpeakerIconSpeaking.png
  artifactKey: Guid(0640b514c129e42f2b9f781322b59182) Importer(815301076,1909f56bfc062723c751e8b465ee728b)
Start importing Assets/Samples/Vivox/16.5.4/Chat Channel Sample/Assets/ChatChannelSample/Sprites/SpeakerIconSpeaking.png using Guid(0640b514c129e42f2b9f781322b59182) Importer(815301076,1909f56bfc062723c751e8b465ee728b) (PreviewImporter) -> (artifact id: '4d20dcf1293d2372dae300c686e6d04c') in 0.0406597 seconds
Number of updated asset objects reloaded before import = 0Number of asset objects unloaded after import = 3

Editor requested this worker to shutdown with reason: Scaling down because of idle timeout
AssetImportWorker is now disconnected from the server
Process exiting
Exiting without the bug reporter. Application will terminate with return code 0