Using pre-set license
Built from '6000.0/staging' branch; Version is '6000.0.30f1 (62b05ba0686a) revision 6467675'; Using compiler version '193933523'; Build Type 'Release'
OS: 'Windows 11  (10.0.22631) 64bit Professional' Language: 'ja' Physical Memory: 65445 MB
BatchMode: 1, IsHumanControllingUs: 0, StartBugReporterOnCrash: 0, Is64bit: 1, IsPro: 1

COMMAND LINE ARGUMENTS:
D:\application\Unity\Unity Editer\6000.0.30f1\Editor\Unity.exe
-adb2
-batchMode
-noUpm
-name
AssetImportWorker2
-projectPath
D:/Unity Projects/OVER_BITS
-logFile
Logs/AssetImportWorker2.log
-srvPort
54757
-job-worker-count
15
-background-job-worker-count
8
-asset-garbage-collectors
1
Successfully changed project path to: D:/Unity Projects/OVER_BITS
D:/Unity Projects/OVER_BITS
[UnityMemory] Configuration Parameters - Can be set up in boot.config
    "memorysetup-bucket-allocator-granularity=16"
    "memorysetup-bucket-allocator-bucket-count=8"
    "memorysetup-bucket-allocator-block-size=33554432"
    "memorysetup-bucket-allocator-block-count=8"
    "memorysetup-main-allocator-block-size=16777216"
    "memorysetup-thread-allocator-block-size=16777216"
    "memorysetup-gfx-main-allocator-block-size=16777216"
    "memorysetup-gfx-thread-allocator-block-size=16777216"
    "memorysetup-cache-allocator-block-size=4194304"
    "memorysetup-typetree-allocator-block-size=2097152"
    "memorysetup-profiler-bucket-allocator-granularity=16"
    "memorysetup-profiler-bucket-allocator-bucket-count=8"
    "memorysetup-profiler-bucket-allocator-block-size=33554432"
    "memorysetup-profiler-bucket-allocator-block-count=8"
    "memorysetup-profiler-allocator-block-size=16777216"
    "memorysetup-profiler-editor-allocator-block-size=1048576"
    "memorysetup-temp-allocator-size-main=16777216"
    "memorysetup-job-temp-allocator-block-size=2097152"
    "memorysetup-job-temp-allocator-block-size-background=1048576"
    "memorysetup-job-temp-allocator-reduction-small-platforms=262144"
    "memorysetup-allocator-temp-initial-block-size-main=262144"
    "memorysetup-allocator-temp-initial-block-size-worker=262144"
    "memorysetup-temp-allocator-size-background-worker=32768"
    "memorysetup-temp-allocator-size-job-worker=262144"
    "memorysetup-temp-allocator-size-preload-manager=33554432"
    "memorysetup-temp-allocator-size-nav-mesh-worker=65536"
    "memorysetup-temp-allocator-size-audio-worker=65536"
    "memorysetup-temp-allocator-size-cloud-worker=32768"
    "memorysetup-temp-allocator-size-gi-baking-worker=262144"
    "memorysetup-temp-allocator-size-gi-baking-worker=262144"
    "memorysetup-temp-allocator-size-gi-baking-worker=262144"
    "memorysetup-temp-allocator-size-gi-baking-worker=262144"
    "memorysetup-temp-allocator-size-gi-baking-worker=262144"
    "memorysetup-temp-allocator-size-gfx=262144"
Player connection [38820]  Target information:

Player connection [38820]  * "[IP] 192.168.0.17 [Port] 0 [Flags] 2 [Guid] 1408389500 [EditorId] 1408389500 [Version] 1048832 [Id] WindowsEditor(7,Server) [Debug] 1 [PackageName] WindowsEditor [ProjectName] Editor" 

Player connection [38820] Host joined multi-casting on [225.0.0.222:54997]...
Player connection [38820] Host joined alternative multi-casting on [225.0.0.222:34997]...
JobSystem: Creating JobQueue using job-worker-count value 15
[Physics::Module] Initialized fallback backend.
[Physics::Module] Id: 0xdecafbad
Library Redirect Path: Library/
[Physics::Module] Selected backend.
[Physics::Module] Name: PhysX
[Physics::Module] Id: 0xf2b8ea05
[Physics::Module] SDK Version: 4.1.2
[Physics::Module] Integration Version: 1.0.0
[Physics::Module] Threading Mode: Multi-Threaded
Refreshing native plugins compatible for Editor in 11.49 ms, found 10 plugins.
Preloading 1 native plugins for Editor in 1.80 ms.
Initialize engine version: 6000.0.30f1 (62b05ba0686a)
[Subsystems] Discovering subsystems at path D:/application/Unity/Unity Editer/6000.0.30f1/Editor/Data/Resources/UnitySubsystems
[Subsystems] Discovering subsystems at path D:/Unity Projects/OVER_BITS/Assets
GfxDevice: creating device client; kGfxThreadingModeNonThreaded
Direct3D:
    Version:  Direct3D 11.0 [level 11.1]
    Renderer: NVIDIA GeForce RTX 3090 (ID=0x2204)
    Vendor:   NVIDIA
    VRAM:     24326 MB
    Driver:   32.0.15.6603
Initialize mono
Mono path[0] = 'D:/application/Unity/Unity Editer/6000.0.30f1/Editor/Data/Managed'
Mono path[1] = 'D:/application/Unity/Unity Editer/6000.0.30f1/Editor/Data/MonoBleedingEdge/lib/mono/unityjit-win32'
Mono config path = 'D:/application/Unity/Unity Editer/6000.0.30f1/Editor/Data/MonoBleedingEdge/etc'
Using monoOptions --debugger-agent=transport=dt_socket,embedding=1,server=y,suspend=n,address=127.0.0.1:56860
Begin MonoManager ReloadAssembly
Registering precompiled unity dll's ...
Register platform support module: D:/application/Unity/Unity Editer/6000.0.30f1/Editor/Data/PlaybackEngines/WindowsStandaloneSupport/UnityEditor.WindowsStandalone.Extensions.dll
Register platform support module: D:/application/Unity/Unity Editer/6000.0.30f1/Editor/Data/PlaybackEngines/LinuxStandaloneSupport/UnityEditor.LinuxStandalone.Extensions.dll
Registered in 0.003353 seconds.
- Loaded All Assemblies, in  0.515 seconds
Native extension for LinuxStandalone target not found
Native extension for WindowsStandalone target not found
Mono: successfully reloaded assembly
- Finished resetting the current domain, in  0.479 seconds
Domain Reload Profiling: 994ms
	BeginReloadAssembly (223ms)
		ExecutionOrderSort (0ms)
		DisableScriptedObjects (0ms)
		BackupInstance (0ms)
		ReleaseScriptingObjects (0ms)
		CreateAndSetChildDomain (1ms)
	RebuildCommonClasses (49ms)
	RebuildNativeTypeToScriptingClass (16ms)
	initialDomainReloadingComplete (56ms)
	LoadAllAssembliesAndSetupDomain (171ms)
		LoadAssemblies (221ms)
		RebuildTransferFunctionScriptingTraits (0ms)
		AnalyzeDomain (167ms)
			TypeCache.Refresh (166ms)
				TypeCache.ScanAssembly (151ms)
			BuildScriptInfoCaches (0ms)
			ResolveRequiredComponents (0ms)
	FinalizeReload (480ms)
		ReleaseScriptCaches (0ms)
		RebuildScriptCaches (0ms)
		SetupLoadedEditorAssemblies (405ms)
			LogAssemblyErrors (0ms)
			InitializePlatformSupportModulesInManaged (71ms)
			SetLoadedEditorAssemblies (5ms)
			BeforeProcessingInitializeOnLoad (65ms)
			ProcessInitializeOnLoadAttributes (198ms)
			ProcessInitializeOnLoadMethodAttributes (66ms)
			AfterProcessingInitializeOnLoad (0ms)
			EditorAssembliesLoaded (0ms)
		ExecutionOrderSort2 (0ms)
		AwakeInstancesAfterBackupRestoration (0ms)
Assembly reference Packages/com.unity.entities/Unity.Scenes.Editor/Internals/Properties/Unity.Properties.Internals.asmref has no target assembly definition
========================================================================
Worker process is ready to serve import requests
Import Worker Mode flag is 0x00
Assembly reference Packages/com.unity.entities/Unity.Scenes.Editor/Internals/Properties/Unity.Properties.Internals.asmref has no target assembly definition
Assembly reference Packages/com.unity.entities/Unity.Scenes.Editor/Internals/Properties/Unity.Properties.Internals.asmref has no target assembly definition
Begin MonoManager ReloadAssembly
Symbol file LoadedFromMemory is not a mono symbol file
- Loaded All Assemblies, in  1.971 seconds
Assembly reference Packages/com.unity.entities/Unity.Scenes.Editor/Internals/Properties/Unity.Properties.Internals.asmref has no target assembly definition
'Packages/com.unity.render-pipelines.high-definition/Editor/Wizard/HDWizard.UIElement.cs' contains partial class of Unity.Object, exactly 1 of the partial classes needs to be in a file with the same filename. This is to know the one that can be referenced from ie. GameObjects
'Packages/com.unity.render-pipelines.high-definition/Editor/Wizard/HDWizard.Configuration.cs' contains partial class of Unity.Object, exactly 1 of the partial classes needs to be in a file with the same filename. This is to know the one that can be referenced from ie. GameObjects
'Packages/com.unity.render-pipelines.high-definition/Editor/Wizard/HDWizard.Window.cs' contains partial class of Unity.Object, exactly 1 of the partial classes needs to be in a file with the same filename. This is to know the one that can be referenced from ie. GameObjects
Refreshing native plugins compatible for Editor in 6.95 ms, found 10 plugins.
Native extension for LinuxStandalone target not found
Native extension for WindowsStandalone target not found
Assembly reference Packages/com.unity.entities/Unity.Scenes.Editor/Internals/Properties/Unity.Properties.Internals.asmref has no target assembly definition
[MODES] ModeService[none].Initialize
[MODES] ModeService[none].LoadModes
[MODES] Loading mode Default (0) for mode-current-id-OVER_BITS
Refreshing native plugins compatible for Editor in 9.96 ms, found 10 plugins.
TypeManager.Initialize took: 809ms
Mono: successfully reloaded assembly
- Finished resetting the current domain, in  2.640 seconds
Domain Reload Profiling: 4609ms
	BeginReloadAssembly (248ms)
		ExecutionOrderSort (0ms)
		DisableScriptedObjects (7ms)
		BackupInstance (0ms)
		ReleaseScriptingObjects (0ms)
		CreateAndSetChildDomain (37ms)
	RebuildCommonClasses (36ms)
	RebuildNativeTypeToScriptingClass (16ms)
	initialDomainReloadingComplete (48ms)
	LoadAllAssembliesAndSetupDomain (1621ms)
		LoadAssemblies (938ms)
		RebuildTransferFunctionScriptingTraits (0ms)
		AnalyzeDomain (855ms)
			TypeCache.Refresh (661ms)
				TypeCache.ScanAssembly (625ms)
			BuildScriptInfoCaches (173ms)
			ResolveRequiredComponents (16ms)
	FinalizeReload (2641ms)
		ReleaseScriptCaches (0ms)
		RebuildScriptCaches (0ms)
		SetupLoadedEditorAssemblies (2409ms)
			LogAssemblyErrors (0ms)
			InitializePlatformSupportModulesInManaged (14ms)
			SetLoadedEditorAssemblies (10ms)
			BeforeProcessingInitializeOnLoad (353ms)
			ProcessInitializeOnLoadAttributes (1708ms)
			ProcessInitializeOnLoadMethodAttributes (321ms)
			AfterProcessingInitializeOnLoad (3ms)
			EditorAssembliesLoaded (1ms)
		ExecutionOrderSort2 (0ms)
		AwakeInstancesAfterBackupRestoration (9ms)
Launched and connected shader compiler UnityShaderCompiler.exe after 0.03 seconds
Refreshing native plugins compatible for Editor in 13.95 ms, found 10 plugins.
Preloading 1 native plugins for Editor in 0.09 ms.
Unloading 567 Unused Serialized files (Serialized files now loaded: 0)
Unloading 12195 unused Assets / (48.3 MB). Loaded Objects now: 12814.
Memory consumption went from 375.3 MB to 327.0 MB.
Total: 73.363800 ms (FindLiveObjects: 4.484100 ms CreateObjectMapping: 4.615500 ms MarkObjects: 24.617400 ms  DeleteObjects: 39.642000 ms)

========================================================================
Received Import Request.
  Time since last request: 10750.469704 seconds.
  path: Assets/CLazyRunnerActionAnimPack/Animations/P2_CLazyEscape/Esc_8way_BoostDash_Air/Controller/CLazy@Esc_BoostDash_Air_Back_Ad.controller
  artifactKey: Guid(7db15335b6904e94a882998f73878e44) Importer(815301076,1909f56bfc062723c751e8b465ee728b)
Start importing Assets/CLazyRunnerActionAnimPack/Animations/P2_CLazyEscape/Esc_8way_BoostDash_Air/Controller/CLazy@Esc_BoostDash_Air_Back_Ad.controller using Guid(7db15335b6904e94a882998f73878e44) Importer(815301076,1909f56bfc062723c751e8b465ee728b) (PreviewImporter) -> (artifact id: 'bd223298457b24eee8ee2e8d2bb286d0') in 0.0444936 seconds
Number of updated asset objects reloaded before import = 0Number of asset objects unloaded after import = 4

========================================================================
Received Import Request.
  Time since last request: 0.000084 seconds.
  path: Assets/CLazyRunnerActionAnimPack/Animations/P2_CLazyEscape/Esc_8way_BoostDash_Air/CLazy@Esc_BoostDash_Air_Back.FBX
  artifactKey: Guid(bc7cda7b117db0a44b45189965165931) Importer(815301076,1909f56bfc062723c751e8b465ee728b)
Start importing Assets/CLazyRunnerActionAnimPack/Animations/P2_CLazyEscape/Esc_8way_BoostDash_Air/CLazy@Esc_BoostDash_Air_Back.FBX using Guid(bc7cda7b117db0a44b45189965165931) Importer(815301076,1909f56bfc062723c751e8b465ee728b) (PreviewImporter) -> (artifact id: '3d1e381826715c865782e32073a9d06c') in 0.9068621 seconds
Number of updated asset objects reloaded before import = 0Number of asset objects unloaded after import = 476

========================================================================
Received Import Request.
  Time since last request: 8.812987 seconds.
  path: Assets/CLazyRunnerActionAnimPack/Animations/P2_CLazyEscape/Esc_8way_BoostDash_Air/CLazy@Esc_BoostDash_Air_Front_R45.FBX
  artifactKey: Guid(ddfc0608ecc4e0b4ba418c74647cce1d) Importer(815301076,1909f56bfc062723c751e8b465ee728b)
Start importing Assets/CLazyRunnerActionAnimPack/Animations/P2_CLazyEscape/Esc_8way_BoostDash_Air/CLazy@Esc_BoostDash_Air_Front_R45.FBX using Guid(ddfc0608ecc4e0b4ba418c74647cce1d) Importer(815301076,1909f56bfc062723c751e8b465ee728b) (PreviewImporter) -> (artifact id: '81ffadea54806b6f960d3596500fe7df') in 0.0560288 seconds
Number of updated asset objects reloaded before import = 0Number of asset objects unloaded after import = 147

========================================================================
Received Import Request.
  Time since last request: 3.648346 seconds.
  path: Assets/CLazyRunnerActionAnimPack/Animations/P2_CLazyEscape/Esc_8way_BoostDash_Air/CLazy@Esc_BoostDash_Air_Left.FBX
  artifactKey: Guid(67301677a0bcfa745b029d8308a78c54) Importer(815301076,1909f56bfc062723c751e8b465ee728b)
Start importing Assets/CLazyRunnerActionAnimPack/Animations/P2_CLazyEscape/Esc_8way_BoostDash_Air/CLazy@Esc_BoostDash_Air_Left.FBX using Guid(67301677a0bcfa745b029d8308a78c54) Importer(815301076,1909f56bfc062723c751e8b465ee728b) (PreviewImporter) -> (artifact id: 'bb1f6e81cdadec521072e439abfbe8e2') in 0.0286385 seconds
Number of updated asset objects reloaded before import = 0Number of asset objects unloaded after import = 147

========================================================================
Received Import Request.
  Time since last request: 0.015438 seconds.
  path: Assets/CLazyRunnerActionAnimPack/Animations/P4_CLazyAttack/Attack_Jump_Air/CLazy@JAttack_AirDrop_All.FBX
  artifactKey: Guid(04c249908638ccf45a546e5200f48f90) Importer(815301076,1909f56bfc062723c751e8b465ee728b)
Start importing Assets/CLazyRunnerActionAnimPack/Animations/P4_CLazyAttack/Attack_Jump_Air/CLazy@JAttack_AirDrop_All.FBX using Guid(04c249908638ccf45a546e5200f48f90) Importer(815301076,1909f56bfc062723c751e8b465ee728b) (PreviewImporter) -> (artifact id: 'c84a76b0c7904d81be6f481ff96265ba') in 0.0458322 seconds
Number of updated asset objects reloaded before import = 0Number of asset objects unloaded after import = 147

========================================================================
Received Import Request.
  Time since last request: 0.000025 seconds.
  path: Assets/CLazyRunnerActionAnimPack/Animations/P4_CLazyAttack/Attack_Jump_Air/CLazy@JAttack_AirDrop_Start.FBX
  artifactKey: Guid(0e6b9883ce9ea5f46a60f6a94290d9cd) Importer(815301076,1909f56bfc062723c751e8b465ee728b)
Start importing Assets/CLazyRunnerActionAnimPack/Animations/P4_CLazyAttack/Attack_Jump_Air/CLazy@JAttack_AirDrop_Start.FBX using Guid(0e6b9883ce9ea5f46a60f6a94290d9cd) Importer(815301076,1909f56bfc062723c751e8b465ee728b) (PreviewImporter) -> (artifact id: '96ec9109d2c702f5b530e43b1a9fb6e8') in 0.0358919 seconds
Number of updated asset objects reloaded before import = 0Number of asset objects unloaded after import = 147

========================================================================
Received Import Request.
  Time since last request: 0.000024 seconds.
  path: Assets/CLazyRunnerActionAnimPack/Animations/P4_CLazyAttack/Attack_Jump_Air/CLazy@JAttack_AirFront_Root.FBX
  artifactKey: Guid(99fd131b76cd4314a89dce4969b40c35) Importer(815301076,1909f56bfc062723c751e8b465ee728b)
Start importing Assets/CLazyRunnerActionAnimPack/Animations/P4_CLazyAttack/Attack_Jump_Air/CLazy@JAttack_AirFront_Root.FBX using Guid(99fd131b76cd4314a89dce4969b40c35) Importer(815301076,1909f56bfc062723c751e8b465ee728b) (PreviewImporter) -> (artifact id: '3e91e0690c596c3f6fc28d7e56cefcd7') in 0.0457085 seconds
Number of updated asset objects reloaded before import = 0Number of asset objects unloaded after import = 147

Editor requested this worker to shutdown with reason: Scaling down because of idle timeout
AssetImportWorker is now disconnected from the server
Process exiting
Exiting without the bug reporter. Application will terminate with return code 0