
=== Fri Aug  2 23:51:48 2024

Packages were changed.
Update Mode: mergeDefaultDependencies

The following packages were 追加済:
  com.unity.modules.ai@1.0.0
  com.unity.modules.androidjni@1.0.0
  com.unity.modules.animation@1.0.0
  com.unity.modules.assetbundle@1.0.0
  com.unity.modules.audio@1.0.0
  com.unity.modules.cloth@1.0.0
  com.unity.modules.director@1.0.0
  com.unity.modules.imageconversion@1.0.0
  com.unity.modules.imgui@1.0.0
  com.unity.modules.jsonserialize@1.0.0
  com.unity.modules.particlesystem@1.0.0
  com.unity.modules.physics@1.0.0
  com.unity.modules.physics2d@1.0.0
  com.unity.modules.screencapture@1.0.0
  com.unity.modules.terrain@1.0.0
  com.unity.modules.terrainphysics@1.0.0
  com.unity.modules.tilemap@1.0.0
  com.unity.modules.ui@1.0.0
  com.unity.modules.uielements@1.0.0
  com.unity.modules.umbra@1.0.0
  com.unity.modules.unityanalytics@1.0.0
  com.unity.modules.unitywebrequest@1.0.0
  com.unity.modules.unitywebrequestassetbundle@1.0.0
  com.unity.modules.unitywebrequestaudio@1.0.0
  com.unity.modules.unitywebrequesttexture@1.0.0
  com.unity.modules.unitywebrequestwww@1.0.0
  com.unity.modules.vehicles@1.0.0
  com.unity.modules.video@1.0.0
  com.unity.modules.vr@1.0.0
  com.unity.modules.wind@1.0.0
  com.unity.modules.xr@1.0.0
The following packages were 更新済:
  com.unity.collab-proxy をバージョン 1.17.2 から 2.3.1 へ
  com.unity.ide.rider をバージョン 3.0.15 から 3.0.28 へ
  com.unity.ide.visualstudio をバージョン 2.0.16 から 2.0.22 へ
  com.unity.render-pipelines.universal をバージョン 14.0.3 から 14.0.10 へ
  com.unity.timeline をバージョン 1.7.1 から 1.7.6 へ
  com.unity.visualscripting をバージョン 1.7.8 から 1.9.2 へ

=== Mon Sep  9 21:11:50 2024

Packages were changed.
Update Mode: updateDependencies

The following packages were 追加済み:
  com.unity.modules.accessibility@1.0.0
The following packages were 更新済み:
  com.unity.animation.rigging をバージョン 1.2.1 から 1.3.0 へ
  com.unity.cinemachine をバージョン 2.9.7 から 2.10.1 へ
  com.unity.ide.rider をバージョン 3.0.28 から 3.0.31 へ
  com.unity.inputsystem をバージョン 1.7.0 から 1.9.0 へ
  com.unity.render-pipelines.universal をバージョン 14.0.10 から 17.0.3 へ
  com.unity.test-framework をバージョン 1.1.33 から 1.4.5 へ
  com.unity.timeline をバージョン 1.7.6 から 1.8.7 へ
  com.unity.ugui をバージョン 1.0.0 から 2.0.0 へ
  com.unity.visualscripting をバージョン 1.9.2 から 1.9.4 へ
The following packages were 削除済み:
  com.unity.textmeshpro@3.0.6

=== Tue Dec 10 11:53:39 2024

Packages were changed.
Update Mode: updateDependencies

The following packages were 更新済み:
  com.unity.ai.navigation をバージョン 2.0.4 から 2.0.5 へ
  com.unity.cinemachine をバージョン 2.10.1 から 2.10.3 へ
  com.unity.collab-proxy をバージョン 2.4.4 から 2.5.2 へ
  com.unity.entities をバージョン 1.2.4 から 1.3.2 へ
  com.unity.entities.graphics をバージョン 1.2.4 から 1.3.2 へ
  com.unity.inputsystem をバージョン 1.9.0 から 1.11.2 へ
  com.unity.probuilder をバージョン 6.0.3 から 6.0.4 へ
  com.unity.visualscripting をバージョン 1.9.4 から 1.9.5 へ

=== Tue Jan  7 22:38:58 2025

Packages were changed.
Update Mode: updateDependencies

The following packages were 更新済み:
  com.unity.collab-proxy をバージョン 1.13.5 から 2.5.2 へ
  com.unity.ide.rider をバージョン 3.0.7 から 3.0.31 へ
  com.unity.ide.visualstudio をバージョン 2.0.11 から 2.0.22 へ
  com.unity.render-pipelines.high-definition をバージョン 12.1.0 から 17.0.3 へ
  com.unity.render-pipelines.universal をバージョン 12.1.0 から 17.0.3 へ
  com.unity.shadergraph をバージョン 12.1.0 から 17.0.3 へ
  com.unity.test-framework をバージョン 1.1.29 から 1.4.5 へ
  com.unity.timeline をバージョン 1.6.2 から 1.8.7 へ
  com.unity.ugui をバージョン 1.0.0 から 2.0.0 へ
  com.unity.visualscripting をバージョン 1.7.2 から 1.9.5 へ
The following packages were 削除済み:
  com.unity.textmeshpro@3.0.6

=== Tue Jan  7 22:38:58 2025

Packages were changed.
Update Mode: mergeDefaultDependencies

The following packages were 追加済み:
  com.unity.render-pipelines.high-definition@17.0.3
  com.unity.shadergraph@17.0.3
